Download...
Error in reading Properties file
[java.io.FileNotFoundException: output\connection.properties (The system cannot find the file specified)]
ERROR: Download Forms
[java.sql.SQLException: Network error IOException: Connection refused: connect]
Download: Fail.
Download...
ERROR: Download Forms
[java.sql.SQLException: Network error IOException: Connection refused: connect]
Download: Fail.
Download...
SAME Form DATA : [PlnDtl]
SAME Form DATA : [EmpPfCmp]
SAME Form DATA : [EmpLng]
SAME Form DATA : [HirSumCntCZ]
SAME Form DATA : [LabCatCZ]
SAME Form DATA : [AppDrgTstCZ]
SAME Form DATA : [AppPrpCZ]
SAME Form DATA : [AppRlcCZ]
SAME Form DATA : [EmpBckGrdCZ]
SAME Form DATA : [SupDir]
SAME Form DATA : [WCCode]
SAME Form DATA : [Perf3PrtFBCZ]
SAME Form DATA : [PotRatCZ]
SAME Form DATA : [ThrdPrtRatCZ]
SAME Form DATA : [CmpDirSNVCZ]
SAME Form DATA : [CpsApproveCZ]
SAME Form DATA : [CpsMatrixCZ]
SAME Form DATA : [JobSubFamCZ]
SAME Form DATA : [CmpDir2CZ]
SAME Form DATA : [TaskListCZ]
SAME Form DATA : [EmpBenDocCZ]
  [numForms]      87
SAME Table Insert Trigger DATA: [Job]
SAME Table Insert Trigger DATA: [Loc]
SAME Table Insert Trigger DATA: [Req]
  [numTables]      29
SAME Agent DATA: [ZZCrtIdxEmpSSN]
SAME Agent DATA: [DailyChgDtlCZ]
SAME Agent DATA: [DailyChgCZ]
SAME Agent DATA: [DailyChgYDCZ]
SAME Agent DATA: [DailyChgDtlYDCZ]
SAME Agent DATA: [DailyChgYD3CZ]
SAME Agent DATA: [DailyChgYD4CZ]
SAME Agent DATA: [DailyChgYD5CZ]
SAME Agent DATA: [DailyChgYD6CZ]
SAME Agent DATA: [DailyChgYD7CZ]
SAME Agent DATA: [DailyChgDtlY3CZ]
SAME Agent DATA: [DailyChgDtlY4CZ]
SAME Agent DATA: [DailyChgDtlY5CZ]
SAME Agent DATA: [DailyChgDtlY6CZ]
SAME Agent DATA: [DailyChgDtlY7CZ]
SAME Agent DATA: [SupDir]
SAME Agent DATA: [OrgHRMgrCZ]
SAME Agent DATA: [TaskTime]
SAME Agent DATA: [fnCharPad]
SAME Agent DATA: [CpsAppHrchCZ]
SAME Agent DATA: [RPT_EmpRvwCZ]
SAME Agent DATA: [RPT_EmpRvw1CZ]
SAME Agent DATA: [RPT_EmpRvw2CZ]
SAME Agent DATA: [CurEmpIcv]
SAME Agent DATA: [CurEmpEdu]
SAME Agent DATA: [CurEmpRvw]
SAME Agent DATA: [DailyChgMoCZ]
SAME Agent DATA: [DailyChgDtlMoCZ]
SAME Agent DATA: [WrkFlwTrig]
SAME Agent DATA: [WrkFlwTrig2]
SAME Agent DATA: [DelHirSum]
SAME Agent DATA: [GetNextEmp]
SAME Agent DATA: [CmpDirCZ]
SAME Agent DATA: [CmpDir2CZ]
SAME Agent DATA: [DailyChgYD2CZ]
SAME Agent DATA: [DailyChgDtlY2CZ]
SAME Agent DATA: [INS_EmpHrchCZ]
SAME Agent DATA: [GetEmpHrchCZ]
SAME Agent DATA: [CmpDirAllCZ]
SAME Agent DATA: [CpsAppTestCZ]
  [numAgents]      43
SAME Workflow DATA: [LtrToDo]
SAME Workflow DATA: [Export]
SAME Workflow DATA: [MSS]
SAME Workflow DATA: [HRAdmin-HRMgr]
SAME Workflow DATA: [SNVCpItfRunCZ]
SAME Workflow DATA: [Imp_MeaEml]
SAME Workflow DATA: [Auth1]
SAME Workflow DATA: [Auth2]
SAME Workflow DATA: [Auth3]
SAME Workflow DATA: [Auth4]
SAME Workflow DATA: [Auth5]
SAME Workflow DATA: [Auth6]
SAME Workflow DATA: [Auth7]
SAME Workflow DATA: [Auth8]
SAME Workflow DATA: [Auth9]
SAME Workflow DATA: [Rpt_Eml_MstrDGG]
SAME Workflow DATA: [FTP_SNCostPoint]
SAME Workflow DATA: [Run_SNCostPoint]
SAME Workflow DATA: [Rpt_DailyAudit]
SAME Workflow DATA: [Exp_ActiveDirYD]
SAME Workflow DATA: [Exp_BI SQLYD]
SAME Workflow DATA: [Exp_COBRAYD]
SAME Workflow DATA: [Exp_Daily_AudYD]
SAME Workflow DATA: [Exp_ITSvCntrYD]
SAME Workflow DATA: [Exp_LotNotesYD]
SAME Workflow DATA: [Exp_NetworkYD]
SAME Workflow DATA: [Exp_ProcurYD]
SAME Workflow DATA: [Exp_Risk MgtYD]
SAME Workflow DATA: [Exp_SalesLogYD]
SAME Workflow DATA: [Exp_TrainingYD]
SAME Workflow DATA: [Exp_WindchillYD]
SAME Workflow DATA: [Exp_DailyAudYD2]
SAME Workflow DATA: [Exp_DailyAudYD3]
SAME Workflow DATA: [Exp_DailyAudYD4]
SAME Workflow DATA: [Exp_Risk MgtYD2]
SAME Workflow DATA: [Exp_Risk MgtYD3]
SAME Workflow DATA: [Exp_Risk MgtYD4]
SAME Workflow DATA: [Exp_ITSvCtrYD2]
SAME Workflow DATA: [Exp_ITSvCtrYD3]
SAME Workflow DATA: [Exp_ITSvCtrYD4]
SAME Workflow DATA: [Exp_ProcurYD2]
SAME Workflow DATA: [Exp_ProcurYD3]
SAME Workflow DATA: [Exp_ProcurYD4]
SAME Workflow DATA: [Exp_SecurityYD]
SAME Workflow DATA: [Exp_PayBenYD3]
SAME Workflow DATA: [Exp_PayBenYD4]
SAME Workflow DATA: [Exp_PayBenYD]
SAME Workflow DATA: [Exp_PayBenYD2]
SAME Workflow DATA: [Exp_SecurityYD2]
SAME Workflow DATA: [Exp_SecurityYD3]
SAME Workflow DATA: [Exp_SecurityYD4]
SAME Workflow DATA: [Exp_VenConYD]
SAME Workflow DATA: [Exp_VenConYD2]
SAME Workflow DATA: [Exp_VenConYD3]
SAME Workflow DATA: [Exp_VenConYD4]
SAME Workflow DATA: [Exp_SuppSysYD]
SAME Workflow DATA: [Exp_SuppSysYD2]
SAME Workflow DATA: [Exp_SuppSysYD3]
SAME Workflow DATA: [Exp_SuppSysYD4]
SAME Workflow DATA: [EmergCntCZ]
SAME Workflow DATA: [EmpEdu]
SAME Workflow DATA: [ESSCZ]
SAME Workflow DATA: [MrtSts]
SAME Workflow DATA: [NameChg]
SAME Workflow DATA: [NewDep]
SAME Workflow DATA: [Exp_MeaEml]
SAME Workflow DATA: [Exp_EmpDep]
SAME Workflow DATA: [LabCatMinMaxCZ]
SAME Workflow DATA: [ImpEmpDocCZ]
SAME Workflow DATA: [RFTP_ImpEmpDoc]
SAME Workflow DATA: [ImpHirSumCZ]
SAME Workflow DATA: [RFTP_ImpHirSum]
SAME Workflow DATA: [Exp_Windchill]
SAME Workflow DATA: [ProEntDtCWrkFlw]
SAME Workflow DATA: [ESS-PerfRvwrCZ]
SAME Workflow DATA: [AddPrfFctQuesCZ]
SAME Workflow DATA: [ThrdPrtyRvwCZ]
SAME Workflow DATA: [RvwToDoCrtCZ]
SAME Workflow DATA: [CrtCasCadGolCZ]
SAME Workflow DATA: [CpsMtrRolloutCZ]
SAME Workflow DATA: [RlseEmpRvwPd]
SAME Workflow DATA: [Exp_SuppSys1yr]
SAME Workflow DATA: [OpenIntroCZ]
SAME Workflow DATA: [AnnivApprCZ]
SAME Workflow DATA: [AnnivFrwdCZ]
SAME Workflow DATA: [AnnivGolOpen]
SAME Workflow DATA: [ClosThrdpartyCZ]
SAME Workflow DATA: [AnnivSubFlow]
SAME Workflow DATA: [CreateAnnualCZ]
SAME Workflow DATA: [RunInsEmpHrchCZ]
SAME Workflow DATA: [AnnivApprMCZ]
SAME Workflow DATA: [Exp_YTDHires]
SAME Workflow DATA: [Exp_YTDHiresVL]
SAME Workflow DATA: [Exp_YTDTerms]
SAME Workflow DATA: [Exp_YTDTermsVL]
SAME Workflow DATA: [Exp_EEHeadcount]
SAME Workflow DATA: [Exp_VLHeadcount]
SAME Workflow DATA: [ImpPhotoCZ]
SAME Workflow DATA: [RFTP_ImpPhoto]
SAME Workflow DATA: [Exp_HRTeamroom]
SAME Workflow DATA: [Exp_Inactive]
SAME Workflow DATA: [Exp_OrgPubInfo]
SAME Workflow DATA: [Exp_SuppSys1Mo]
SAME Workflow DATA: [Exp_Birthday]
SAME Workflow DATA: [Exp_OrgPubNew]
SAME Workflow DATA: [Exp_JobTitles]
SAME Workflow DATA: [Exp_HRRep]
  [numWorkflows]      121
SAME Script DATA: [EmpHeaderGrp]
SAME Script DATA: [EmpHeaderFlds]
SAME Script DATA: [EmpHeaderFld2]
SAME Script DATA: [CpsCombo]
SAME Script DATA: [OnChangeEvt]
SAME Script DATA: [ActCtl]
SAME Script DATA: [EmlHeaderGrp]
SAME Script DATA: [EmlDemotion]
SAME Script DATA: [EmlFTEChange]
SAME Script DATA: [EmlJobChange]
SAME Script DATA: [EmlLocChange]
SAME Script DATA: [EmlMerAdj]
SAME Script DATA: [EmlOrgChange]
SAME Script DATA: [EmlPosChange]
SAME Script DATA: [EmlPromotion]
SAME Script DATA: [EmlRelocation]
SAME Script DATA: [EmlSalChange]
SAME Script DATA: [EmlShfChange]
SAME Script DATA: [EmlStsChange]
SAME Script DATA: [EmlSupChange]
SAME Script DATA: [EmlTrans]
SAME Script DATA: [ReqCombo]
SAME Script DATA: [TimCrdGrpCombo]
SAME Script DATA: [RcrCombo]
SAME Script DATA: [EmlOnChgPos]
SAME Script DATA: [EntCombo]
SAME Script DATA: [CtyCombo]
SAME Script DATA: [SNCEntity]
SAME Script DATA: [EmpHdrGrpPerfCZ]
SAME Script DATA: [EmpMgrHRPrcCZ]
SAME Script DATA: [LvlZeroCZ]
SAME Script DATA: [DirRepCZ]
SAME Script DATA: [LvlThreeCZ]
SAME Script DATA: [EmpHeaderGrp8]
SAME Script DATA: [EmpHeaderFld3]
SAME Script DATA: [EmpHeaderGrp7]
SAME Script DATA: [EmpHeaderFld4]
SAME Script DATA: [TskLstComboCZ]
  [numScripts]      53
  [numFormControls ]          2238
  [numSavedFormControls ]     2231
  [numProperties ]          57
  [numSavedProperties ]     57
WARNING: [Human Resources] : ParentMnu is NULL
WARNING: [Benefits1] : ParentMnu is NULL
  [numMenu ]          226
  [numSavedMenu ]     204
  [numTblFld ]          900
  [numSavedTblFld ]     893
Download: Ok.
Download...
SAME Form DATA : [PlnDtl]
SAME Form DATA : [EmpPfCmp]
SAME Form DATA : [EmpLng]
SAME Form DATA : [HirSumCntCZ]
SAME Form DATA : [LabCatCZ]
SAME Form DATA : [AppDrgTstCZ]
SAME Form DATA : [AppPrpCZ]
SAME Form DATA : [AppRlcCZ]
SAME Form DATA : [EmpBckGrdCZ]
SAME Form DATA : [SupDir]
SAME Form DATA : [WCCode]
SAME Form DATA : [Perf3PrtFBCZ]
SAME Form DATA : [PotRatCZ]
SAME Form DATA : [ThrdPrtRatCZ]
SAME Form DATA : [CmpDirSNVCZ]
SAME Form DATA : [CpsApproveCZ]
SAME Form DATA : [CpsMatrixCZ]
SAME Form DATA : [JobSubFamCZ]
SAME Form DATA : [CmpDir2CZ]
SAME Form DATA : [TaskListCZ]
SAME Form DATA : [EmpBenDocCZ]
  [numForms]      87
SAME Table Insert Trigger DATA: [Job]
SAME Table Insert Trigger DATA: [Loc]
SAME Table Insert Trigger DATA: [Req]
  [numTables]      29
SAME Agent DATA: [ZZCrtIdxEmpSSN]
SAME Agent DATA: [DailyChgDtlCZ]
SAME Agent DATA: [DailyChgCZ]
SAME Agent DATA: [DailyChgYDCZ]
SAME Agent DATA: [DailyChgDtlYDCZ]
SAME Agent DATA: [DailyChgYD3CZ]
SAME Agent DATA: [DailyChgYD4CZ]
SAME Agent DATA: [DailyChgYD5CZ]
SAME Agent DATA: [DailyChgYD6CZ]
SAME Agent DATA: [DailyChgYD7CZ]
SAME Agent DATA: [DailyChgDtlY3CZ]
SAME Agent DATA: [DailyChgDtlY4CZ]
SAME Agent DATA: [DailyChgDtlY5CZ]
SAME Agent DATA: [DailyChgDtlY6CZ]
SAME Agent DATA: [DailyChgDtlY7CZ]
SAME Agent DATA: [SupDir]
SAME Agent DATA: [OrgHRMgrCZ]
SAME Agent DATA: [TaskTime]
SAME Agent DATA: [fnCharPad]
SAME Agent DATA: [CpsAppHrchCZ]
SAME Agent DATA: [RPT_EmpRvwCZ]
SAME Agent DATA: [RPT_EmpRvw1CZ]
SAME Agent DATA: [RPT_EmpRvw2CZ]
SAME Agent DATA: [CurEmpIcv]
SAME Agent DATA: [CurEmpEdu]
SAME Agent DATA: [CurEmpRvw]
SAME Agent DATA: [DailyChgMoCZ]
SAME Agent DATA: [DailyChgDtlMoCZ]
SAME Agent DATA: [WrkFlwTrig]
SAME Agent DATA: [WrkFlwTrig2]
SAME Agent DATA: [DelHirSum]
SAME Agent DATA: [GetNextEmp]
SAME Agent DATA: [CmpDirCZ]
SAME Agent DATA: [CmpDir2CZ]
SAME Agent DATA: [DailyChgYD2CZ]
SAME Agent DATA: [DailyChgDtlY2CZ]
SAME Agent DATA: [INS_EmpHrchCZ]
SAME Agent DATA: [GetEmpHrchCZ]
SAME Agent DATA: [CmpDirAllCZ]
SAME Agent DATA: [CpsAppTestCZ]
  [numAgents]      43
SAME Workflow DATA: [LtrToDo]
SAME Workflow DATA: [Export]
SAME Workflow DATA: [MSS]
SAME Workflow DATA: [HRAdmin-HRMgr]
SAME Workflow DATA: [SNVCpItfRunCZ]
SAME Workflow DATA: [Imp_MeaEml]
SAME Workflow DATA: [Auth1]
SAME Workflow DATA: [Auth2]
SAME Workflow DATA: [Auth3]
SAME Workflow DATA: [Auth4]
SAME Workflow DATA: [Auth5]
SAME Workflow DATA: [Auth6]
SAME Workflow DATA: [Auth7]
SAME Workflow DATA: [Auth8]
SAME Workflow DATA: [Auth9]
SAME Workflow DATA: [Rpt_Eml_MstrDGG]
SAME Workflow DATA: [FTP_SNCostPoint]
SAME Workflow DATA: [Run_SNCostPoint]
SAME Workflow DATA: [Rpt_DailyAudit]
SAME Workflow DATA: [Exp_ActiveDirYD]
SAME Workflow DATA: [Exp_BI SQLYD]
SAME Workflow DATA: [Exp_COBRAYD]
SAME Workflow DATA: [Exp_Daily_AudYD]
SAME Workflow DATA: [Exp_ITSvCntrYD]
SAME Workflow DATA: [Exp_LotNotesYD]
SAME Workflow DATA: [Exp_NetworkYD]
SAME Workflow DATA: [Exp_ProcurYD]
SAME Workflow DATA: [Exp_Risk MgtYD]
SAME Workflow DATA: [Exp_SalesLogYD]
SAME Workflow DATA: [Exp_TrainingYD]
SAME Workflow DATA: [Exp_WindchillYD]
SAME Workflow DATA: [Exp_DailyAudYD2]
SAME Workflow DATA: [Exp_DailyAudYD3]
SAME Workflow DATA: [Exp_DailyAudYD4]
SAME Workflow DATA: [Exp_Risk MgtYD2]
SAME Workflow DATA: [Exp_Risk MgtYD3]
SAME Workflow DATA: [Exp_Risk MgtYD4]
SAME Workflow DATA: [Exp_ITSvCtrYD2]
SAME Workflow DATA: [Exp_ITSvCtrYD3]
SAME Workflow DATA: [Exp_ITSvCtrYD4]
SAME Workflow DATA: [Exp_ProcurYD2]
SAME Workflow DATA: [Exp_ProcurYD3]
SAME Workflow DATA: [Exp_ProcurYD4]
SAME Workflow DATA: [Exp_SecurityYD]
SAME Workflow DATA: [Exp_PayBenYD3]
SAME Workflow DATA: [Exp_PayBenYD4]
SAME Workflow DATA: [Exp_PayBenYD]
SAME Workflow DATA: [Exp_PayBenYD2]
SAME Workflow DATA: [Exp_SecurityYD2]
SAME Workflow DATA: [Exp_SecurityYD3]
SAME Workflow DATA: [Exp_SecurityYD4]
SAME Workflow DATA: [Exp_VenConYD]
SAME Workflow DATA: [Exp_VenConYD2]
SAME Workflow DATA: [Exp_VenConYD3]
SAME Workflow DATA: [Exp_VenConYD4]
SAME Workflow DATA: [Exp_SuppSysYD]
SAME Workflow DATA: [Exp_SuppSysYD2]
SAME Workflow DATA: [Exp_SuppSysYD3]
SAME Workflow DATA: [Exp_SuppSysYD4]
SAME Workflow DATA: [EmergCntCZ]
SAME Workflow DATA: [EmpEdu]
SAME Workflow DATA: [ESSCZ]
SAME Workflow DATA: [MrtSts]
SAME Workflow DATA: [NameChg]
SAME Workflow DATA: [NewDep]
SAME Workflow DATA: [Exp_MeaEml]
SAME Workflow DATA: [Exp_EmpDep]
SAME Workflow DATA: [LabCatMinMaxCZ]
SAME Workflow DATA: [ImpEmpDocCZ]
SAME Workflow DATA: [RFTP_ImpEmpDoc]
SAME Workflow DATA: [ImpHirSumCZ]
SAME Workflow DATA: [RFTP_ImpHirSum]
SAME Workflow DATA: [Exp_Windchill]
SAME Workflow DATA: [ProEntDtCWrkFlw]
SAME Workflow DATA: [ESS-PerfRvwrCZ]
SAME Workflow DATA: [AddPrfFctQuesCZ]
SAME Workflow DATA: [ThrdPrtyRvwCZ]
SAME Workflow DATA: [RvwToDoCrtCZ]
SAME Workflow DATA: [CrtCasCadGolCZ]
SAME Workflow DATA: [CpsMtrRolloutCZ]
SAME Workflow DATA: [RlseEmpRvwPd]
SAME Workflow DATA: [Exp_SuppSys1yr]
SAME Workflow DATA: [OpenIntroCZ]
SAME Workflow DATA: [AnnivApprCZ]
SAME Workflow DATA: [AnnivFrwdCZ]
SAME Workflow DATA: [AnnivGolOpen]
SAME Workflow DATA: [ClosThrdpartyCZ]
SAME Workflow DATA: [AnnivSubFlow]
SAME Workflow DATA: [CreateAnnualCZ]
SAME Workflow DATA: [RunInsEmpHrchCZ]
SAME Workflow DATA: [AnnivApprMCZ]
SAME Workflow DATA: [Exp_YTDHires]
SAME Workflow DATA: [Exp_YTDHiresVL]
SAME Workflow DATA: [Exp_YTDTerms]
SAME Workflow DATA: [Exp_YTDTermsVL]
SAME Workflow DATA: [Exp_EEHeadcount]
SAME Workflow DATA: [Exp_VLHeadcount]
SAME Workflow DATA: [ImpPhotoCZ]
SAME Workflow DATA: [RFTP_ImpPhoto]
SAME Workflow DATA: [Exp_HRTeamroom]
SAME Workflow DATA: [Exp_Inactive]
SAME Workflow DATA: [Exp_OrgPubInfo]
SAME Workflow DATA: [Exp_SuppSys1Mo]
SAME Workflow DATA: [Exp_Birthday]
SAME Workflow DATA: [Exp_OrgPubNew]
SAME Workflow DATA: [Exp_JobTitles]
SAME Workflow DATA: [Exp_HRRep]
  [numWorkflows]      121
SAME Script DATA: [EmpHeaderGrp]
SAME Script DATA: [EmpHeaderFlds]
SAME Script DATA: [EmpHeaderFld2]
SAME Script DATA: [CpsCombo]
SAME Script DATA: [OnChangeEvt]
SAME Script DATA: [ActCtl]
SAME Script DATA: [EmlHeaderGrp]
SAME Script DATA: [EmlDemotion]
SAME Script DATA: [EmlFTEChange]
SAME Script DATA: [EmlJobChange]
SAME Script DATA: [EmlLocChange]
SAME Script DATA: [EmlMerAdj]
SAME Script DATA: [EmlOrgChange]
SAME Script DATA: [EmlPosChange]
SAME Script DATA: [EmlPromotion]
SAME Script DATA: [EmlRelocation]
SAME Script DATA: [EmlSalChange]
SAME Script DATA: [EmlShfChange]
SAME Script DATA: [EmlStsChange]
SAME Script DATA: [EmlSupChange]
SAME Script DATA: [EmlTrans]
SAME Script DATA: [ReqCombo]
SAME Script DATA: [TimCrdGrpCombo]
SAME Script DATA: [RcrCombo]
SAME Script DATA: [EmlOnChgPos]
SAME Script DATA: [EntCombo]
SAME Script DATA: [CtyCombo]
SAME Script DATA: [SNCEntity]
SAME Script DATA: [EmpHdrGrpPerfCZ]
SAME Script DATA: [EmpMgrHRPrcCZ]
SAME Script DATA: [LvlZeroCZ]
SAME Script DATA: [DirRepCZ]
SAME Script DATA: [LvlThreeCZ]
SAME Script DATA: [EmpHeaderGrp8]
SAME Script DATA: [EmpHeaderFld3]
SAME Script DATA: [EmpHeaderGrp7]
SAME Script DATA: [EmpHeaderFld4]
SAME Script DATA: [TskLstComboCZ]
  [numScripts]      53
  [numFormControls ]          2238
  [numSavedFormControls ]     2231
  [numProperties ]          57
  [numSavedProperties ]     57
WARNING: [Human Resources] : ParentMnu is NULL
WARNING: [Benefits1] : ParentMnu is NULL
  [numMenu ]          226
  [numSavedMenu ]     204
  [numTblFld ]          900
  [numSavedTblFld ]     893
Download: Ok.
Download...
SAME Form DATA : [PlnDtl]
SAME Form DATA : [EmpPfCmp]
SAME Form DATA : [EmpLng]
SAME Form DATA : [HirSumCntCZ]
SAME Form DATA : [LabCatCZ]
SAME Form DATA : [AppDrgTstCZ]
SAME Form DATA : [AppPrpCZ]
SAME Form DATA : [AppRlcCZ]
SAME Form DATA : [EmpBckGrdCZ]
SAME Form DATA : [SupDir]
SAME Form DATA : [WCCode]
SAME Form DATA : [Perf3PrtFBCZ]
SAME Form DATA : [PotRatCZ]
SAME Form DATA : [ThrdPrtRatCZ]
SAME Form DATA : [CmpDirSNVCZ]
SAME Form DATA : [CpsApproveCZ]
SAME Form DATA : [CpsMatrixCZ]
SAME Form DATA : [JobSubFamCZ]
SAME Form DATA : [CmpDir2CZ]
SAME Form DATA : [TaskListCZ]
SAME Form DATA : [EmpBenDocCZ]
  [numForms]      87
SAME Table Insert Trigger DATA: [Job]
SAME Table Insert Trigger DATA: [Loc]
SAME Table Insert Trigger DATA: [Req]
  [numTables]      29
SAME Agent DATA: [ZZCrtIdxEmpSSN]
SAME Agent DATA: [DailyChgDtlCZ]
SAME Agent DATA: [DailyChgCZ]
SAME Agent DATA: [DailyChgYDCZ]
SAME Agent DATA: [DailyChgDtlYDCZ]
SAME Agent DATA: [DailyChgYD3CZ]
SAME Agent DATA: [DailyChgYD4CZ]
SAME Agent DATA: [DailyChgYD5CZ]
SAME Agent DATA: [DailyChgYD6CZ]
SAME Agent DATA: [DailyChgYD7CZ]
SAME Agent DATA: [DailyChgDtlY3CZ]
SAME Agent DATA: [DailyChgDtlY4CZ]
SAME Agent DATA: [DailyChgDtlY5CZ]
SAME Agent DATA: [DailyChgDtlY6CZ]
SAME Agent DATA: [DailyChgDtlY7CZ]
SAME Agent DATA: [SupDir]
SAME Agent DATA: [OrgHRMgrCZ]
SAME Agent DATA: [TaskTime]
SAME Agent DATA: [fnCharPad]
SAME Agent DATA: [CpsAppHrchCZ]
SAME Agent DATA: [RPT_EmpRvwCZ]
SAME Agent DATA: [RPT_EmpRvw1CZ]
SAME Agent DATA: [RPT_EmpRvw2CZ]
SAME Agent DATA: [CurEmpIcv]
SAME Agent DATA: [CurEmpEdu]
SAME Agent DATA: [CurEmpRvw]
SAME Agent DATA: [DailyChgMoCZ]
SAME Agent DATA: [DailyChgDtlMoCZ]
SAME Agent DATA: [WrkFlwTrig]
SAME Agent DATA: [WrkFlwTrig2]
SAME Agent DATA: [DelHirSum]
SAME Agent DATA: [GetNextEmp]
SAME Agent DATA: [CmpDirCZ]
SAME Agent DATA: [CmpDir2CZ]
SAME Agent DATA: [DailyChgYD2CZ]
SAME Agent DATA: [DailyChgDtlY2CZ]
SAME Agent DATA: [INS_EmpHrchCZ]
SAME Agent DATA: [GetEmpHrchCZ]
SAME Agent DATA: [CmpDirAllCZ]
SAME Agent DATA: [CpsAppTestCZ]
  [numAgents]      43
SAME Workflow DATA: [LtrToDo]
SAME Workflow DATA: [Export]
SAME Workflow DATA: [MSS]
SAME Workflow DATA: [HRAdmin-HRMgr]
SAME Workflow DATA: [SNVCpItfRunCZ]
SAME Workflow DATA: [Imp_MeaEml]
SAME Workflow DATA: [Auth1]
SAME Workflow DATA: [Auth2]
SAME Workflow DATA: [Auth3]
SAME Workflow DATA: [Auth4]
SAME Workflow DATA: [Auth5]
SAME Workflow DATA: [Auth6]
SAME Workflow DATA: [Auth7]
SAME Workflow DATA: [Auth8]
SAME Workflow DATA: [Auth9]
SAME Workflow DATA: [Rpt_Eml_MstrDGG]
SAME Workflow DATA: [FTP_SNCostPoint]
SAME Workflow DATA: [Run_SNCostPoint]
SAME Workflow DATA: [Rpt_DailyAudit]
SAME Workflow DATA: [Exp_ActiveDirYD]
SAME Workflow DATA: [Exp_BI SQLYD]
SAME Workflow DATA: [Exp_COBRAYD]
SAME Workflow DATA: [Exp_Daily_AudYD]
SAME Workflow DATA: [Exp_ITSvCntrYD]
SAME Workflow DATA: [Exp_LotNotesYD]
SAME Workflow DATA: [Exp_NetworkYD]
SAME Workflow DATA: [Exp_ProcurYD]
SAME Workflow DATA: [Exp_Risk MgtYD]
SAME Workflow DATA: [Exp_SalesLogYD]
SAME Workflow DATA: [Exp_TrainingYD]
SAME Workflow DATA: [Exp_WindchillYD]
SAME Workflow DATA: [Exp_DailyAudYD2]
SAME Workflow DATA: [Exp_DailyAudYD3]
SAME Workflow DATA: [Exp_DailyAudYD4]
SAME Workflow DATA: [Exp_Risk MgtYD2]
SAME Workflow DATA: [Exp_Risk MgtYD3]
SAME Workflow DATA: [Exp_Risk MgtYD4]
SAME Workflow DATA: [Exp_ITSvCtrYD2]
SAME Workflow DATA: [Exp_ITSvCtrYD3]
SAME Workflow DATA: [Exp_ITSvCtrYD4]
SAME Workflow DATA: [Exp_ProcurYD2]
SAME Workflow DATA: [Exp_ProcurYD3]
SAME Workflow DATA: [Exp_ProcurYD4]
SAME Workflow DATA: [Exp_SecurityYD]
SAME Workflow DATA: [Exp_PayBenYD3]
SAME Workflow DATA: [Exp_PayBenYD4]
SAME Workflow DATA: [Exp_PayBenYD]
SAME Workflow DATA: [Exp_PayBenYD2]
SAME Workflow DATA: [Exp_SecurityYD2]
SAME Workflow DATA: [Exp_SecurityYD3]
SAME Workflow DATA: [Exp_SecurityYD4]
SAME Workflow DATA: [Exp_VenConYD]
SAME Workflow DATA: [Exp_VenConYD2]
SAME Workflow DATA: [Exp_VenConYD3]
SAME Workflow DATA: [Exp_VenConYD4]
SAME Workflow DATA: [Exp_SuppSysYD]
SAME Workflow DATA: [Exp_SuppSysYD2]
SAME Workflow DATA: [Exp_SuppSysYD3]
SAME Workflow DATA: [Exp_SuppSysYD4]
SAME Workflow DATA: [EmergCntCZ]
SAME Workflow DATA: [EmpEdu]
SAME Workflow DATA: [ESSCZ]
SAME Workflow DATA: [MrtSts]
SAME Workflow DATA: [NameChg]
SAME Workflow DATA: [NewDep]
SAME Workflow DATA: [Exp_MeaEml]
SAME Workflow DATA: [Exp_EmpDep]
SAME Workflow DATA: [LabCatMinMaxCZ]
SAME Workflow DATA: [ImpEmpDocCZ]
SAME Workflow DATA: [RFTP_ImpEmpDoc]
SAME Workflow DATA: [ImpHirSumCZ]
SAME Workflow DATA: [RFTP_ImpHirSum]
SAME Workflow DATA: [Exp_Windchill]
SAME Workflow DATA: [ProEntDtCWrkFlw]
SAME Workflow DATA: [ESS-PerfRvwrCZ]
SAME Workflow DATA: [AddPrfFctQuesCZ]
SAME Workflow DATA: [ThrdPrtyRvwCZ]
SAME Workflow DATA: [RvwToDoCrtCZ]
SAME Workflow DATA: [CrtCasCadGolCZ]
SAME Workflow DATA: [CpsMtrRolloutCZ]
SAME Workflow DATA: [RlseEmpRvwPd]
SAME Workflow DATA: [Exp_SuppSys1yr]
SAME Workflow DATA: [OpenIntroCZ]
SAME Workflow DATA: [AnnivApprCZ]
SAME Workflow DATA: [AnnivFrwdCZ]
SAME Workflow DATA: [AnnivGolOpen]
SAME Workflow DATA: [ClosThrdpartyCZ]
SAME Workflow DATA: [AnnivSubFlow]
SAME Workflow DATA: [CreateAnnualCZ]
SAME Workflow DATA: [RunInsEmpHrchCZ]
SAME Workflow DATA: [AnnivApprMCZ]
SAME Workflow DATA: [Exp_YTDHires]
SAME Workflow DATA: [Exp_YTDHiresVL]
SAME Workflow DATA: [Exp_YTDTerms]
SAME Workflow DATA: [Exp_YTDTermsVL]
SAME Workflow DATA: [Exp_EEHeadcount]
SAME Workflow DATA: [Exp_VLHeadcount]
SAME Workflow DATA: [ImpPhotoCZ]
SAME Workflow DATA: [RFTP_ImpPhoto]
SAME Workflow DATA: [Exp_HRTeamroom]
SAME Workflow DATA: [Exp_Inactive]
SAME Workflow DATA: [Exp_OrgPubInfo]
SAME Workflow DATA: [Exp_SuppSys1Mo]
SAME Workflow DATA: [Exp_Birthday]
SAME Workflow DATA: [Exp_OrgPubNew]
SAME Workflow DATA: [Exp_JobTitles]
SAME Workflow DATA: [Exp_HRRep]
  [numWorkflows]      121
SAME Script DATA: [EmpHeaderGrp]
SAME Script DATA: [EmpHeaderFlds]
SAME Script DATA: [EmpHeaderFld2]
SAME Script DATA: [CpsCombo]
SAME Script DATA: [OnChangeEvt]
SAME Script DATA: [ActCtl]
SAME Script DATA: [EmlHeaderGrp]
SAME Script DATA: [EmlDemotion]
SAME Script DATA: [EmlFTEChange]
SAME Script DATA: [EmlJobChange]
SAME Script DATA: [EmlLocChange]
SAME Script DATA: [EmlMerAdj]
SAME Script DATA: [EmlOrgChange]
SAME Script DATA: [EmlPosChange]
SAME Script DATA: [EmlPromotion]
SAME Script DATA: [EmlRelocation]
SAME Script DATA: [EmlSalChange]
SAME Script DATA: [EmlShfChange]
SAME Script DATA: [EmlStsChange]
SAME Script DATA: [EmlSupChange]
SAME Script DATA: [EmlTrans]
SAME Script DATA: [ReqCombo]
SAME Script DATA: [TimCrdGrpCombo]
SAME Script DATA: [RcrCombo]
SAME Script DATA: [EmlOnChgPos]
SAME Script DATA: [EntCombo]
SAME Script DATA: [CtyCombo]
SAME Script DATA: [SNCEntity]
SAME Script DATA: [EmpHdrGrpPerfCZ]
SAME Script DATA: [EmpMgrHRPrcCZ]
SAME Script DATA: [LvlZeroCZ]
SAME Script DATA: [DirRepCZ]
SAME Script DATA: [LvlThreeCZ]
SAME Script DATA: [EmpHeaderGrp8]
SAME Script DATA: [EmpHeaderFld3]
SAME Script DATA: [EmpHeaderGrp7]
SAME Script DATA: [EmpHeaderFld4]
SAME Script DATA: [TskLstComboCZ]
  [numScripts]      53
  [numFormControls ]          2238
  [numSavedFormControls ]     2231
  [numProperties ]          57
  [numSavedProperties ]     57
WARNING: [Human Resources] : ParentMnu is NULL
WARNING: [Benefits1] : ParentMnu is NULL
  [numMenu ]          226
  [numSavedMenu ]     204
  [numTblFld ]          900
  [numSavedTblFld ]     893
Download: Ok.
